0 info it worked if it ends with ok
1 verbose cli [ '/usr/local/Cellar/node/0.10.32/bin/node',
1 verbose cli   '/usr/local/bin/npm',
1 verbose cli   'install',
1 verbose cli   'ios-deploy',
1 verbose cli   '--g' ]
2 info using npm@3.3.3
3 info using node@v4.0.0
4 silly loadCurrentTree Starting
5 silly install loadCurrentTree
6 silly install readGlobalPackageData
7 silly fetchPackageMetaData ios-deploy
8 silly fetchNamedPackageData ios-deploy
9 silly mapToRegistry name ios-deploy
10 silly mapToRegistry using default registry
11 silly mapToRegistry registry https://registry.npmjs.org/
12 silly mapToRegistry uri https://registry.npmjs.org/ios-deploy
13 verbose get https://registry.npmjs.org/ios-deploy not expired, no request
14 silly install normalizeTree
15 silly loadCurrentTree Finishing
16 silly loadIdealTree Starting
17 silly install loadIdealTree
18 silly cloneCurrentTree Starting
19 silly install cloneCurrentTreeToIdealTree
20 silly cloneCurrentTree Finishing
21 silly loadShrinkwrap Starting
22 silly install loadShrinkwrap
23 silly loadShrinkwrap Finishing
24 silly loadAllDepsIntoIdealTree Starting
25 silly install loadAllDepsIntoIdealTree
26 silly resolveWithNewModule ios-deploy@1.7.0 checking installable status
27 silly cache add args [ 'ios-deploy', null ]
28 verbose cache add spec ios-deploy
29 silly cache add parsed spec Result {
29 silly cache add   raw: 'ios-deploy',
29 silly cache add   scope: null,
29 silly cache add   name: 'ios-deploy',
29 silly cache add   rawSpec: '',
29 silly cache add   spec: '*',
29 silly cache add   type: 'range' }
30 silly addNamed ios-deploy@*
31 verbose addNamed "*" is a valid semver range for ios-deploy
32 silly addNameRange { name: 'ios-deploy', range: '*', hasData: false }
33 silly mapToRegistry name ios-deploy
34 silly mapToRegistry using default registry
35 silly mapToRegistry registry https://registry.npmjs.org/
36 silly mapToRegistry uri https://registry.npmjs.org/ios-deploy
37 verbose addNameRange registry:https://registry.npmjs.org/ios-deploy not in flight; fetching
38 verbose get https://registry.npmjs.org/ios-deploy not expired, no request
39 silly addNameRange number 2 { name: 'ios-deploy', range: '*', hasData: true }
40 silly addNameRange versions [ 'ios-deploy',
40 silly addNameRange   [ '1.0.1',
40 silly addNameRange     '1.0.2',
40 silly addNameRange     '1.0.3',
40 silly addNameRange     '1.0.4',
40 silly addNameRange     '1.0.5',
40 silly addNameRange     '1.0.6',
40 silly addNameRange     '1.0.7',
40 silly addNameRange     '1.0.8',
40 silly addNameRange     '1.0.9',
40 silly addNameRange     '1.1.0',
40 silly addNameRange     '1.2.0',
40 silly addNameRange     '1.3.0',
40 silly addNameRange     '1.3.1',
40 silly addNameRange     '1.3.2',
40 silly addNameRange     '1.4.0',
40 silly addNameRange     '1.5.0',
40 silly addNameRange     '1.6.0',
40 silly addNameRange     '1.6.1',
40 silly addNameRange     '1.6.2',
40 silly addNameRange     '1.6.3',
40 silly addNameRange     '1.7.0' ] ]
41 silly addNamed ios-deploy@1.7.0
42 verbose addNamed "1.7.0" is a plain semver version for ios-deploy
43 silly cache afterAdd ios-deploy@1.7.0
44 verbose afterAdd /Users/stepanboltalin/.npm/ios-deploy/1.7.0/package/package.json not in flight; writing
45 verbose afterAdd /Users/stepanboltalin/.npm/ios-deploy/1.7.0/package/package.json written
46 silly loadAllDepsIntoIdealTree Finishing
47 silly idealTree:prePrune /usr/local/lib
47 silly idealTree:prePrune └── ios-deploy@1.7.0
48 silly loadIdealTree Finishing
49 silly currentTree /usr/local/lib
50 silly idealTree /usr/local/lib
50 silly idealTree └── ios-deploy@1.7.0
51 silly generateActionsToTake Starting
52 silly install generateActionsToTake
53 silly generateActionsToTake Finishing
54 silly diffTrees action count 1
55 silly diffTrees add ios-deploy@1.7.0
56 silly decomposeActions action count 8
57 silly decomposeActions fetch ios-deploy@1.7.0
58 silly decomposeActions extract ios-deploy@1.7.0
59 silly decomposeActions preinstall ios-deploy@1.7.0
60 silly decomposeActions build ios-deploy@1.7.0
61 silly decomposeActions install ios-deploy@1.7.0
62 silly decomposeActions postinstall ios-deploy@1.7.0
63 silly decomposeActions test ios-deploy@1.7.0
64 silly decomposeActions finalize ios-deploy@1.7.0
65 silly executeActions Starting
66 silly install executeActions
67 silly doSerial global-install 0
68 silly doParallel fetch 1
69 verbose lock using /Users/stepanboltalin/.npm/_locks/staging-3a08f0df5026584d.lock for /usr/local/lib/node_modules/.staging
70 silly doParallel extract 1
71 silly extract ios-deploy
72 verbose unbuild lib/node_modules/.staging/ios-deploy-fbfd9f76b9a8909271fae167aab47715
73 silly gentlyRm /usr/local/lib/node_modules/.staging/ios-deploy-fbfd9f76b9a8909271fae167aab47715 is being purged from base /usr/local
74 verbose gentlyRm don't care about contents; nuking /usr/local/lib/node_modules/.staging/ios-deploy-fbfd9f76b9a8909271fae167aab47715
75 verbose tar unpack /Users/stepanboltalin/.npm/ios-deploy/1.7.0/package.tgz
76 verbose tar unpacking to /usr/local/lib/node_modules/.staging/ios-deploy-fbfd9f76b9a8909271fae167aab47715
77 silly gentlyRm /usr/local/lib/node_modules/.staging/ios-deploy-fbfd9f76b9a8909271fae167aab47715 is being purged
78 verbose gentlyRm don't care about contents; nuking /usr/local/lib/node_modules/.staging/ios-deploy-fbfd9f76b9a8909271fae167aab47715
79 silly gunzTarPerm modes [ '755', '644' ]
80 silly gunzTarPerm extractEntry package.json
81 silly gunzTarPerm extractEntry .npmignore
82 silly gunzTarPerm extractEntry README.md
83 silly gunzTarPerm extractEntry LICENSE
84 silly gunzTarPerm extractEntry ResourceRules.plist
85 silly gunzTarPerm extractEntry Makefile
86 silly gunzTarPerm extractEntry MobileDevice.h
87 silly gunzTarPerm extractEntry CONTRIBUTING.md
88 silly gunzTarPerm extractEntry Info.plist
89 silly gunzTarPerm extractEntry demo.c
90 silly gunzTarPerm extractEntry errors.h
91 silly gunzTarPerm extractEntry ios-deploy.c
92 silly gunzTarPerm extractEntry Entitlements.plist
93 silly gunzTarPerm extractEntry resources/buildbox/build.sh
94 silly doParallel preinstall 1
95 silly preinstall ios-deploy /usr/local/lib/node_modules/.staging/ios-deploy-fbfd9f76b9a8909271fae167aab47715
96 info lifecycle ios-deploy@1.7.0~preinstall: ios-deploy@1.7.0
97 verbose lifecycle ios-deploy@1.7.0~preinstall: unsafe-perm in lifecycle true
98 verbose lifecycle ios-deploy@1.7.0~preinstall: PATH: /usr/local/lib/node_modules/npm/bin/node-gyp-bin:/usr/local/lib/node_modules/.staging/ios-deploy-fbfd9f76b9a8909271fae167aab47715/node_modules/.bin:/usr/local/lib/node_modules/.bin:/Users/stepanboltalin/.rvm/gems/ruby-2.2.2/bin:/Users/stepanboltalin/.rvm/gems/ruby-2.2.2@global/bin:/Users/stepanboltalin/.rvm/rubies/ruby-2.2.2/bin:/usr/local/bin:/usr/local/bin:/usr/local/sbin:/usr/local/bin:/usr/local/bin:/usr/local/bin:/usr/bin:/bin:/usr/sbin:/sbin:/opt/X11/bin:/usr/local/go/bin:/opt/local/bin:/Users/stepanboltalin/.ec2/elb/bin:/Users/stepanboltalin/.rvm/bin:/Users/stepanboltalin/.ec2/bin:/Users/stepanboltalin/.ec2/elb/bin:/Users/stepanboltalin/Documents/Code/Android/android-ndk-r10c:/Users/stepanboltalin/.rvm/bin:/Users/stepanboltalin/.ec2/bin:/Users/stepanboltalin/.ec2/elb/bin:/Users/stepanboltalin/Documents/Code/Android/android-ndk-r10c
99 verbose lifecycle ios-deploy@1.7.0~preinstall: CWD: /usr/local/lib/node_modules/.staging/ios-deploy-fbfd9f76b9a8909271fae167aab47715
100 silly lifecycle ios-deploy@1.7.0~preinstall: Args: [ '-c', 'make ios-deploy' ]
101 silly lifecycle ios-deploy@1.7.0~preinstall: Returned: code: 2  signal: null
102 info lifecycle ios-deploy@1.7.0~preinstall: Failed to exec preinstall script
103 verbose unlock done using /Users/stepanboltalin/.npm/_locks/staging-3a08f0df5026584d.lock for /usr/local/lib/node_modules/.staging
104 silly rollbackFailedOptional Starting
105 silly rollbackFailedOptional Finishing
106 silly runTopLevelLifecycles Starting
107 silly runTopLevelLifecycles Finishing
108 silly install printInstalled
109 verbose stack Error: ios-deploy@1.7.0 preinstall: `make ios-deploy`
109 verbose stack Exit status 2
109 verbose stack     at EventEmitter.<anonymous> (/usr/local/lib/node_modules/npm/lib/utils/lifecycle.js:233:16)
109 verbose stack     at emitTwo (events.js:87:13)
109 verbose stack     at EventEmitter.emit (events.js:172:7)
109 verbose stack     at ChildProcess.<anonymous> (/usr/local/lib/node_modules/npm/lib/utils/spawn.js:24:14)
109 verbose stack     at emitTwo (events.js:87:13)
109 verbose stack     at ChildProcess.emit (events.js:172:7)
109 verbose stack     at maybeClose (internal/child_process.js:817:16)
109 verbose stack     at Process.ChildProcess._handle.onexit (internal/child_process.js:211:5)
110 verbose pkgid ios-deploy@1.7.0
111 verbose cwd /Users/stepanboltalin/Documents/freelance/av&c/dc/conductor/CoffeeScript-Ionic-Starter
112 error Darwin 14.5.0
113 error argv "/usr/local/Cellar/node/0.10.32/bin/node" "/usr/local/bin/npm" "install" "ios-deploy" "--g"
114 error node v4.0.0
115 error npm  v3.3.3
116 error code ELIFECYCLE
117 error ios-deploy@1.7.0 preinstall: `make ios-deploy`
117 error Exit status 2
118 error Failed at the ios-deploy@1.7.0 preinstall script 'make ios-deploy'.
118 error This is most likely a problem with the ios-deploy package,
118 error not with npm itself.
118 error Tell the author that this fails on your system:
118 error     make ios-deploy
118 error You can get their info via:
118 error     npm owner ls ios-deploy
118 error There is likely additional logging output above.
119 verbose exit [ 1, true ]
