
> spawn-sync@1.0.13 postinstall /Users/stepanboltalin/Documents/freelance/av&c/dc/conductor/CoffeeScript-Ionic-Starter/node_modules/node-sass/node_modules/cross-spawn/node_modules/spawn-sync
> node postinstall


> node-sass@3.3.3 install /Users/stepanboltalin/Documents/freelance/av&c/dc/conductor/CoffeeScript-Ionic-Starter/node_modules/node-sass
> node scripts/install.js

Binary downloaded and installed at /Users/stepanboltalin/Documents/freelance/av&c/dc/conductor/CoffeeScript-Ionic-Starter/node_modules/node-sass/vendor/darwin-x64-46/binding.node

> node-sass@3.3.3 postinstall /Users/stepanboltalin/Documents/freelance/av&c/dc/conductor/CoffeeScript-Ionic-Starter/node_modules/node-sass
> node scripts/build.js

` /Users/stepanboltalin/Documents/freelance/av&c/dc/conductor/CoffeeScript-Ionic-Starter/node_modules/node-sass/vendor/darwin-x64-46/binding.node ` exists. 
 testing binary.
Binary is fine; exiting.
node-sass@3.3.3 node_modules/node-sass
├── get-stdin@4.0.1
├── async-foreach@0.1.3
├── chalk@1.1.1 (escape-string-regexp@1.0.3, supports-color@2.0.0, ansi-styles@2.1.0, strip-ansi@3.0.0, has-ansi@2.0.0)
├── mkdirp@0.5.1 (minimist@0.0.8)
├── meow@3.3.0 (object-assign@3.0.0, minimist@1.2.0, camelcase-keys@1.0.0, indent-string@1.2.2)
├── glob@5.0.14 (path-is-absolute@1.0.0, inherits@2.0.1, once@1.3.2, inflight@1.0.4, minimatch@2.0.10)
├── nan@2.0.9
├── npmconf@2.1.2 (ini@1.3.4, inherits@2.0.1, uid-number@0.0.5, once@1.3.2, osenv@0.1.3, nopt@3.0.4, config-chain@1.1.9, semver@4.3.6)
├── gaze@0.5.1 (globule@0.1.0)
├── cross-spawn@2.0.0 (cross-spawn-async@2.0.0, spawn-sync@1.0.13)
├── request@2.62.0 (aws-sign2@0.5.0, forever-agent@0.6.1, caseless@0.11.0, stringstream@0.0.4, tunnel-agent@0.4.1, oauth-sign@0.8.0, isstream@0.1.2, json-stringify-safe@5.0.1, extend@3.0.0, node-uuid@1.4.3, combined-stream@1.0.5, qs@5.1.0, form-data@1.0.0-rc3, mime-types@2.1.6, http-signature@0.11.0, bl@1.0.0, tough-cookie@2.0.0, hawk@3.1.0, har-validator@1.8.0)
├── sass-graph@2.0.1 (yargs@3.25.0, lodash@3.10.1)
└── node-gyp@3.0.3 (graceful-fs@4.1.2, osenv@0.1.3, semver@5.0.3, nopt@3.0.4, which@1.1.2, fstream@1.0.8, minimatch@1.0.0, glob@4.5.3, rimraf@2.4.3, tar@1.0.3, path-array@1.0.0, npmlog@1.2.1)
